<?xml version="1.0" encoding="UTF-8"?>
<!-- Generated by org.testng.reporters.JUnitXMLReporter -->
<testsuite ignored="0" hostname="LAPTOP-FAP6QC75" failures="1" tests="1" name="ACJ163_50QuestionQuiz_PositiveTest" time="61.25" errors="0" timestamp="2021-01-27T03:47:18 PST">
  <testcase classname="acj160_QuizTotalQuestions.ACJ160_QuizTotalQuestions" name="createQuizWithNNumberOfQuestions" time="57.013">
    <failure type="org.openqa.selenium.TimeoutException" message="Expected condition failed: waiting for visibility of all [[[ChromeDriver: chrome on WINDOWS (7a206649d018fe836a9153fb2f2ded58)] -&amp;gt; xpath: //mat-radio-button[contains(@class, &amp;apos;mat&amp;apos;)]], [[ChromeDriver: chrome on WINDOWS (7a206649d018fe836a9153fb2f2ded58)] -&amp;gt; xpath: //mat-radio-button[contains(@class, &amp;apos;mat&amp;apos;)]], [[ChromeDriver: chrome on WINDOWS (7a206649d018fe836a9153fb2f2ded58)] -&amp;gt; xpath: //mat-radio-button[contains(@class, &amp;apos;mat&amp;apos;)]]] (tried for 10 second(s) with 500 milliseconds interval)
Build info: version: &amp;apos;4.0.0-alpha-7&amp;apos;, revision: &amp;apos;de8579b6d5&amp;apos;
System info: host: &amp;apos;LAPTOP-FAP6QC75&amp;apos;, ip: &amp;apos;192.168.99.1&amp;apos;, os.name: &amp;apos;Windows 10&amp;apos;, os.arch: &amp;apos;amd64&amp;apos;, os.version: &amp;apos;10.0&amp;apos;, java.version: &amp;apos;11.0.7&amp;apos;
Driver info: org.openqa.selenium.chrome.ChromeDriver
Capabilities {acceptInsecureCerts: false, browserName: chrome, browserVersion: 88.0.4324.104, chrome: {chromedriverVersion: 88.0.4324.96 (68dba2d8a0b14..., userDataDir: C:\Users\19163\AppData\Loca...}, goog:chromeOptions: {debuggerAddress: localhost:61276}, javascriptEnabled: true, networkConnectionEnabled: false, pageLoadStrategy: normal, platform: WINDOWS, platformName: WINDOWS, proxy: Proxy(), setWindowRect: true, strictFileInteractability: false, timeouts: {implicit: 0, pageLoad: 300000, script: 30000}, unhandledPromptBehavior: dismiss and notify, webauthn:extension:largeBlob: true, webauthn:virtualAuthenticators: true}
Session ID: 7a206649d018fe836a9153fb2f2ded58">
      <![CDATA[org.openqa.selenium.TimeoutException: Expected condition failed: waiting for visibility of all [[[ChromeDriver: chrome on WINDOWS (7a206649d018fe836a9153fb2f2ded58)] -> xpath: //mat-radio-button[contains(@class, 'mat')]], [[ChromeDriver: chrome on WINDOWS (7a206649d018fe836a9153fb2f2ded58)] -> xpath: //mat-radio-button[contains(@class, 'mat')]], [[ChromeDriver: chrome on WINDOWS (7a206649d018fe836a9153fb2f2ded58)] -> xpath: //mat-radio-button[contains(@class, 'mat')]]] (tried for 10 second(s) with 500 milliseconds interval)
Build info: version: '4.0.0-alpha-7', revision: 'de8579b6d5'
System info: host: 'LAPTOP-FAP6QC75', ip: '192.168.99.1', os.name: 'Windows 10', os.arch: 'amd64', os.version: '10.0', java.version: '11.0.7'
Driver info: org.openqa.selenium.chrome.ChromeDriver
Capabilities {acceptInsecureCerts: false, browserName: chrome, browserVersion: 88.0.4324.104, chrome: {chromedriverVersion: 88.0.4324.96 (68dba2d8a0b14..., userDataDir: C:\Users\19163\AppData\Loca...}, goog:chromeOptions: {debuggerAddress: localhost:61276}, javascriptEnabled: true, networkConnectionEnabled: false, pageLoadStrategy: normal, platform: WINDOWS, platformName: WINDOWS, proxy: Proxy(), setWindowRect: true, strictFileInteractability: false, timeouts: {implicit: 0, pageLoad: 300000, script: 30000}, unhandledPromptBehavior: dismiss and notify, webauthn:extension:largeBlob: true, webauthn:virtualAuthenticators: true}
Session ID: 7a206649d018fe836a9153fb2f2ded58
at org.openqa.selenium.support.ui.FluentWait.until(FluentWait.java:211)
at pageObjects.QuizzesPageObject.checkTypeOfQuestionRadioBtn(QuizzesPageObject.java:76)
at pageObjects.QuizzesPageObject.createNTextualQuestionsQuiz(QuizzesPageObject.java:39)
at acj160_QuizTotalQuestions.ACJ160_QuizTotalQuestions.createQuizWithNNumberOfQuestions(ACJ160_QuizTotalQuestions.java:16)
at java.base/java.util.concurrent.ThreadPoolExecutor.runWorker(ThreadPoolExecutor.java:1128)
at java.base/java.util.concurrent.ThreadPoolExecutor$Worker.run(ThreadPoolExecutor.java:628)
at java.base/java.lang.Thread.run(Thread.java:834)
... Removed 12 stack frames]]>
    </failure>
  </testcase> <!-- createQuizWithNNumberOfQuestions -->
</testsuite> <!-- ACJ163_50QuestionQuiz_PositiveTest -->
