<html>
<head>
<title>TestNG:  ACJ163_51QuestionQuiz_PositiveTest</title>
<link href="../testng.css" rel="stylesheet" type="text/css" />
<link href="../my-testng.css" rel="stylesheet" type="text/css" />

<style type="text/css">
.log { display: none;} 
.stack-trace { display: none;} 
</style>
<script type="text/javascript">
<!--
function flip(e) {
  current = e.style.display;
  if (current == 'block') {
    e.style.display = 'none';
    return 0;
  }
  else {
    e.style.display = 'block';
    return 1;
  }
}

function toggleBox(szDivId, elem, msg1, msg2)
{
  var res = -1;  if (document.getElementById) {
    res = flip(document.getElementById(szDivId));
  }
  else if (document.all) {
    // this is the way old msie versions work
    res = flip(document.all[szDivId]);
  }
  if(elem) {
    if(res == 0) elem.innerHTML = msg1; else elem.innerHTML = msg2;
  }

}

function toggleAllBoxes() {
  if (document.getElementsByTagName) {
    d = document.getElementsByTagName('div');
    for (i = 0; i < d.length; i++) {
      if (d[i].className == 'log') {
        flip(d[i]);
      }
    }
  }
}

// -->
</script>

</head>
<body>
<h2 align='center'>ACJ163_51QuestionQuiz_PositiveTest</h2><table border='1' align="center">
<tr>
<td>Tests passed/Failed/Skipped:</td><td>0/1/0</td>
</tr><tr>
<td>Started on:</td><td>Wed Jan 27 03:47:18 PST 2021</td>
</tr>
<tr><td>Total time:</td><td>57 seconds (57861 ms)</td>
</tr><tr>
<td>Included groups:</td><td></td>
</tr><tr>
<td>Excluded groups:</td><td></td>
</tr>
</table><p/>
<small><i>(Hover the method name to see the test class name)</i></small><p/>
<table width='100%' border='1' class='invocation-failed'>
<tr><td colspan='4' align='center'><b>FAILED TESTS</b></td></tr>
<tr><td><b>Test method</b></td>
<td width="30%"><b>Exception</b></td>
<td width="10%"><b>Time (seconds)</b></td>
<td><b>Instance</b></td>
</tr>
<tr>
<td title='acj160_QuizTotalQuestions.ACJ160_QuizTotalQuestions.createQuizWithNNumberOfQuestions()'><b>createQuizWithNNumberOfQuestions</b><br>Test class: acj160_QuizTotalQuestions.ACJ160_QuizTotalQuestions<br>Parameters: teacher3@gmail.com, 12345Abc, 51, ABCD432107</td>
<td><div><pre>org.openqa.selenium.TimeoutException: Expected condition failed: waiting for visibility of all [[[ChromeDriver: chrome on WINDOWS (55ce1b8ce3776a4d3a08c716ff99856c)] -&gt; xpath: //mat-radio-button[contains(@class, &apos;mat&apos;)]], [[ChromeDriver: chrome on WINDOWS (55ce1b8ce3776a4d3a08c716ff99856c)] -&gt; xpath: //mat-radio-button[contains(@class, &apos;mat&apos;)]], [[ChromeDriver: chrome on WINDOWS (55ce1b8ce3776a4d3a08c716ff99856c)] -&gt; xpath: //mat-radio-button[contains(@class, &apos;mat&apos;)]]] (tried for 10 second(s) with 500 milliseconds interval)
Build info: version: &apos;4.0.0-alpha-7&apos;, revision: &apos;de8579b6d5&apos;
System info: host: &apos;LAPTOP-FAP6QC75&apos;, ip: &apos;192.168.99.1&apos;, os.name: &apos;Windows 10&apos;, os.arch: &apos;amd64&apos;, os.version: &apos;10.0&apos;, java.version: &apos;11.0.7&apos;
Driver info: org.openqa.selenium.chrome.ChromeDriver
Capabilities {acceptInsecureCerts: false, browserName: chrome, browserVersion: 88.0.4324.104, chrome: {chromedriverVersion: 88.0.4324.96 (68dba2d8a0b14..., userDataDir: C:\Users\19163\AppData\Loca...}, goog:chromeOptions: {debuggerAddress: localhost:61324}, javascriptEnabled: true, networkConnectionEnabled: false, pageLoadStrategy: normal, platform: WINDOWS, platformName: WINDOWS, proxy: Proxy(), setWindowRect: true, strictFileInteractability: false, timeouts: {implicit: 0, pageLoad: 300000, script: 30000}, unhandledPromptBehavior: dismiss and notify, webauthn:extension:largeBlob: true, webauthn:virtualAuthenticators: true}
Session ID: 55ce1b8ce3776a4d3a08c716ff99856c
	at org.openqa.selenium.support.ui.FluentWait.until(FluentWait.java:211)
	at pageObjects.QuizzesPageObject.checkTypeOfQuestionRadioBtn(QuizzesPageObject.java:76)
	at pageObjects.QuizzesPageObject.createNTextualQuestionsQuiz(QuizzesPageObject.java:39)
	at acj160_QuizTotalQuestions.ACJ160_QuizTotalQuestions.createQuizWithNNumberOfQuestions(ACJ160_QuizTotalQuestions.java:16)
	at java.base/java.util.concurrent.ThreadPoolExecutor.runWorker(ThreadPoolExecutor.java:1128)
	at java.base/java.util.concurrent.ThreadPoolExecutor$Worker.run(ThreadPoolExecutor.java:628)
	at java.base/java.lang.Thread.run(Thread.java:834)
... Removed 12 stack frames</pre></div><a href='#' onClick='toggleBox("stack-trace664629745", this, "Click to show all stack frames", "Click to hide stack frames")'>Click to show all stack frames</a>
<div class='stack-trace' id='stack-trace664629745'><pre>org.openqa.selenium.TimeoutException: Expected condition failed: waiting for visibility of all [[[ChromeDriver: chrome on WINDOWS (55ce1b8ce3776a4d3a08c716ff99856c)] -&gt; xpath: //mat-radio-button[contains(@class, &apos;mat&apos;)]], [[ChromeDriver: chrome on WINDOWS (55ce1b8ce3776a4d3a08c716ff99856c)] -&gt; xpath: //mat-radio-button[contains(@class, &apos;mat&apos;)]], [[ChromeDriver: chrome on WINDOWS (55ce1b8ce3776a4d3a08c716ff99856c)] -&gt; xpath: //mat-radio-button[contains(@class, &apos;mat&apos;)]]] (tried for 10 second(s) with 500 milliseconds interval)
Build info: version: &apos;4.0.0-alpha-7&apos;, revision: &apos;de8579b6d5&apos;
System info: host: &apos;LAPTOP-FAP6QC75&apos;, ip: &apos;192.168.99.1&apos;, os.name: &apos;Windows 10&apos;, os.arch: &apos;amd64&apos;, os.version: &apos;10.0&apos;, java.version: &apos;11.0.7&apos;
Driver info: org.openqa.selenium.chrome.ChromeDriver
Capabilities {acceptInsecureCerts: false, browserName: chrome, browserVersion: 88.0.4324.104, chrome: {chromedriverVersion: 88.0.4324.96 (68dba2d8a0b14..., userDataDir: C:\Users\19163\AppData\Loca...}, goog:chromeOptions: {debuggerAddress: localhost:61324}, javascriptEnabled: true, networkConnectionEnabled: false, pageLoadStrategy: normal, platform: WINDOWS, platformName: WINDOWS, proxy: Proxy(), setWindowRect: true, strictFileInteractability: false, timeouts: {implicit: 0, pageLoad: 300000, script: 30000}, unhandledPromptBehavior: dismiss and notify, webauthn:extension:largeBlob: true, webauthn:virtualAuthenticators: true}
Session ID: 55ce1b8ce3776a4d3a08c716ff99856c
	at org.openqa.selenium.support.ui.FluentWait.until(FluentWait.java:211)
	at pageObjects.QuizzesPageObject.checkTypeOfQuestionRadioBtn(QuizzesPageObject.java:76)
	at pageObjects.QuizzesPageObject.createNTextualQuestionsQuiz(QuizzesPageObject.java:39)
	at acj160_QuizTotalQuestions.ACJ160_QuizTotalQuestions.createQuizWithNNumberOfQuestions(ACJ160_QuizTotalQuestions.java:16)
	at java.base/jdk.internal.reflect.NativeMethodAccessorImpl.invoke0(Native Method)
	at java.base/jdk.internal.reflect.NativeMethodAccessorImpl.invoke(NativeMethodAccessorImpl.java:62)
	at java.base/jdk.internal.reflect.DelegatingMethodAccessorImpl.invoke(DelegatingMethodAccessorImpl.java:43)
	at java.base/java.lang.reflect.Method.invoke(Method.java:566)
	at org.testng.internal.MethodInvocationHelper.invokeMethod(MethodInvocationHelper.java:132)
	at org.testng.internal.TestInvoker.invokeMethod(TestInvoker.java:599)
	at org.testng.internal.TestInvoker.invokeTestMethod(TestInvoker.java:174)
	at org.testng.internal.MethodRunner.runInSequence(MethodRunner.java:46)
	at org.testng.internal.TestInvoker$MethodInvocationAgent.invoke(TestInvoker.java:822)
	at org.testng.internal.TestInvoker.invokeTestMethods(TestInvoker.java:147)
	at org.testng.internal.TestMethodWorker.invokeTestMethods(TestMethodWorker.java:146)
	at org.testng.internal.TestMethodWorker.run(TestMethodWorker.java:128)
	at java.base/java.util.concurrent.ThreadPoolExecutor.runWorker(ThreadPoolExecutor.java:1128)
	at java.base/java.util.concurrent.ThreadPoolExecutor$Worker.run(ThreadPoolExecutor.java:628)
	at java.base/java.lang.Thread.run(Thread.java:834)
</pre></div></td>
<td>53</td>
<td>acj160_QuizTotalQuestions.ACJ160_QuizTotalQuestions@21e360a</td></tr>
</table><p>
</body>
</html>