<?xml version="1.0" encoding="UTF-8"?>
<!-- Generated by org.testng.reporters.JUnitXMLReporter -->
<testsuite ignored="0" hostname="LAPTOP-FAP6QC75" failures="6" tests="19" name="Test" time="171.341" errors="0" timestamp="2021-01-18T09:03:48 PST">
  <testcase classname="acj79_RegistrationFirstName.NegativeSignUpTests" name="validateAllErrorMsgForSignUpTest" time="0.885"/>
  <testcase classname="acj79_RegistrationFirstName.NegativeSignUpTests" name="validateAllErrorMsgForSignUpTest" time="4.368">
    <failure type="java.lang.AssertionError" message="expected [true] but found [false]">
      <![CDATA[java.lang.AssertionError: expected [true] but found [false]
at reusableUtilities.ReusableMethods.assertEqualStrings(ReusableMethods.java:202)
at pageObjects.SignUpPageObject.validateErrorMessageText(SignUpPageObject.java:54)
at acj79_RegistrationFirstName.NegativeSignUpTests.validateAllErrorMsgForSignUpTest(NegativeSignUpTests.java:27)
at java.base/java.util.ArrayList.forEach(ArrayList.java:1540)
... Removed 31 stack frames]]>
    </failure>
  </testcase> <!-- validateAllErrorMsgForSignUpTest -->
  <testcase classname="acj79_RegistrationFirstName.NegativeSignUpTests" name="validateAllErrorMsgForSignUpTest" time="0.852"/>
  <testcase classname="acj79_RegistrationFirstName.NegativeSignUpTests" name="validateAllErrorMsgForSignUpTest" time="2.045"/>
  <testcase classname="acj79_RegistrationFirstName.NegativeSignUpTests" name="validateAllErrorMsgForSignUpTest" time="4.489">
    <failure type="java.lang.AssertionError" message="expected [true] but found [false]">
      <![CDATA[java.lang.AssertionError: expected [true] but found [false]
at reusableUtilities.ReusableMethods.assertEqualStrings(ReusableMethods.java:202)
at pageObjects.SignUpPageObject.validateErrorMessageText(SignUpPageObject.java:54)
at acj79_RegistrationFirstName.NegativeSignUpTests.validateAllErrorMsgForSignUpTest(NegativeSignUpTests.java:27)
at java.base/java.util.ArrayList.forEach(ArrayList.java:1540)
... Removed 31 stack frames]]>
    </failure>
  </testcase> <!-- validateAllErrorMsgForSignUpTest -->
  <testcase classname="acj79_RegistrationFirstName.NegativeSignUpTests" name="validateAllErrorMsgForSignUpTest" time="0.881"/>
  <testcase classname="acj79_RegistrationFirstName.NegativeSignUpTests" name="validateAllErrorMsgForSignUpTest" time="0.802"/>
  <testcase classname="acj79_RegistrationFirstName.NegativeSignUpTests" name="validateAllErrorMsgForSignUpTest" time="0.795"/>
  <testcase classname="acj79_RegistrationFirstName.NegativeSignUpTests" name="validateAllErrorMsgForSignUpTest" time="1.117"/>
  <testcase classname="acj79_RegistrationFirstName.NegativeSignUpTests" name="validateAllErrorMsgForSignUpTest" time="1.088"/>
  <testcase classname="acj79_RegistrationFirstName.NegativeSignUpTests" name="validateAllErrorMsgForSignUpTest" time="1.123"/>
  <testcase classname="acj79_RegistrationFirstName.NegativeSignUpTests" name="validateAllErrorMsgForSignUpTest" time="3.305"/>
  <testcase classname="acj79_RegistrationFirstName.NegativeSignUpTests" name="validateAllErrorMsgForSignUpTest" time="1.084">
    <failure type="java.lang.AssertionError" message="expected [true] but found [false]">
      <![CDATA[java.lang.AssertionError: expected [true] but found [false]
at reusableUtilities.ReusableMethods.assertEqualStrings(ReusableMethods.java:202)
at pageObjects.SignUpPageObject.validateErrorMessageText(SignUpPageObject.java:54)
at acj79_RegistrationFirstName.NegativeSignUpTests.validateAllErrorMsgForSignUpTest(NegativeSignUpTests.java:27)
at java.base/java.util.ArrayList.forEach(ArrayList.java:1540)
... Removed 31 stack frames]]>
    </failure>
  </testcase> <!-- validateAllErrorMsgForSignUpTest -->
  <testcase classname="acj79_RegistrationFirstName.NegativeSignUpTests" name="validateAllErrorMsgForSignUpTest" time="0.822"/>
  <testcase classname="acj79_RegistrationFirstName.NegativeSignUpTests" name="validateAllErrorMsgForSignUpTest" time="0.815"/>
  <testcase classname="acj79_RegistrationFirstName.NegativeSignUpTests" name="validateAllErrorMsgForSignUpTest" time="0.833"/>
  <testcase classname="acj79_RegistrationFirstName.NegativeSignUpTests" name="validateAllErrorMsgForSignUpTest" time="3.83">
    <failure type="java.lang.AssertionError" message="expected [true] but found [false]">
      <![CDATA[java.lang.AssertionError: expected [true] but found [false]
at reusableUtilities.ReusableMethods.assertEqualStrings(ReusableMethods.java:202)
at pageObjects.SignUpPageObject.validateErrorMessageText(SignUpPageObject.java:54)
at acj79_RegistrationFirstName.NegativeSignUpTests.validateAllErrorMsgForSignUpTest(NegativeSignUpTests.java:27)
at java.base/java.util.ArrayList.forEach(ArrayList.java:1540)
... Removed 30 stack frames]]>
    </failure>
  </testcase> <!-- validateAllErrorMsgForSignUpTest -->
  <testcase classname="acj79_RegistrationFirstName.NegativeSignUpTests" name="validateAllErrorMsgForSignUpTest" time="3.818">
    <failure type="java.lang.AssertionError" message="expected [true] but found [false]">
      <![CDATA[java.lang.AssertionError: expected [true] but found [false]
at reusableUtilities.ReusableMethods.assertEqualStrings(ReusableMethods.java:202)
at pageObjects.SignUpPageObject.validateErrorMessageText(SignUpPageObject.java:54)
at acj79_RegistrationFirstName.NegativeSignUpTests.validateAllErrorMsgForSignUpTest(NegativeSignUpTests.java:27)
at java.base/java.util.ArrayList.forEach(ArrayList.java:1540)
... Removed 30 stack frames]]>
    </failure>
  </testcase> <!-- validateAllErrorMsgForSignUpTest -->
  <testcase classname="acj79_RegistrationFirstName.NegativeSignUpTests" name="validateAllErrorMsgForSignUpTest" time="4.055">
    <failure type="java.lang.AssertionError" message="expected [true] but found [false]">
      <![CDATA[java.lang.AssertionError: expected [true] but found [false]
at reusableUtilities.ReusableMethods.assertEqualStrings(ReusableMethods.java:202)
at pageObjects.SignUpPageObject.validateErrorMessageText(SignUpPageObject.java:54)
at acj79_RegistrationFirstName.NegativeSignUpTests.validateAllErrorMsgForSignUpTest(NegativeSignUpTests.java:27)
at java.base/java.util.ArrayList.forEach(ArrayList.java:1540)
... Removed 30 stack frames]]>
    </failure>
  </testcase> <!-- validateAllErrorMsgForSignUpTest -->
</testsuite> <!-- Test -->
