<?xml version="1.0" encoding="UTF-8"?>
<!-- Generated by org.testng.reporters.JUnitXMLReporter -->
<testsuite ignored="0" hostname="LAPTOP-FAP6QC75" failures="11" tests="42" name="Test" time="279.713" errors="0" timestamp="2021-01-22T21:00:08 PST">
  <testcase classname="acj79_RegistrationFirstName.NegativeSignUpTests" name="validateAllErrorMsgForSignUpTest" time="1.673"/>
  <testcase classname="acj79_RegistrationFirstName.PositiveSignUpTests" name="validateAllPositiveScenariosForSignUpTest" time="3.136"/>
  <testcase classname="acj79_RegistrationFirstName.PositiveSignUpTests" name="validateAllPositiveScenariosForSignUpTest" time="4.037"/>
  <testcase classname="acj79_RegistrationFirstName.NegativeSignUpTests" name="validateAllErrorMsgForSignUpTest" time="5.941">
    <failure type="java.lang.AssertionError" message="expected [true] but found [false]">
      <![CDATA[java.lang.AssertionError: expected [true] but found [false]
at reusableUtilities.ReusableMethods.assertEqualStrings(ReusableMethods.java:202)
at pageObjects.SignUpPageObject.validateErrorMessageText(SignUpPageObject.java:55)
at acj79_RegistrationFirstName.NegativeSignUpTests.validateAllErrorMsgForSignUpTest(NegativeSignUpTests.java:27)
at java.base/java.util.concurrent.ThreadPoolExecutor.runWorker(ThreadPoolExecutor.java:1128)
at java.base/java.util.concurrent.ThreadPoolExecutor$Worker.run(ThreadPoolExecutor.java:628)
at java.base/java.lang.Thread.run(Thread.java:834)
... Removed 16 stack frames]]>
    </failure>
  </testcase> <!-- validateAllErrorMsgForSignUpTest -->
  <testcase classname="acj79_RegistrationFirstName.NegativeSignUpTests" name="validateAllErrorMsgForSignUpTest" time="1.71"/>
  <testcase classname="acj79_RegistrationFirstName.PositiveSignUpTests" name="validateAllPositiveScenariosForSignUpTest" time="2.907"/>
  <testcase classname="acj79_RegistrationFirstName.NegativeSignUpTests" name="validateAllErrorMsgForSignUpTest" time="1.627"/>
  <testcase classname="acj79_RegistrationFirstName.PositiveSignUpTests" name="validateAllPositiveScenariosForSignUpTest" time="2.823"/>
  <testcase classname="acj79_RegistrationFirstName.PositiveSignUpTests" name="validateAllPositiveScenariosForSignUpTest" time="3.729"/>
  <testcase classname="acj79_RegistrationFirstName.NegativeSignUpTests" name="validateAllErrorMsgForSignUpTest" time="5.479">
    <failure type="java.lang.AssertionError" message="expected [true] but found [false]">
      <![CDATA[java.lang.AssertionError: expected [true] but found [false]
at reusableUtilities.ReusableMethods.assertEqualStrings(ReusableMethods.java:202)
at pageObjects.SignUpPageObject.validateErrorMessageText(SignUpPageObject.java:55)
at acj79_RegistrationFirstName.NegativeSignUpTests.validateAllErrorMsgForSignUpTest(NegativeSignUpTests.java:27)
at java.base/java.util.concurrent.ThreadPoolExecutor.runWorker(ThreadPoolExecutor.java:1128)
at java.base/java.util.concurrent.ThreadPoolExecutor$Worker.run(ThreadPoolExecutor.java:628)
at java.base/java.lang.Thread.run(Thread.java:834)
... Removed 16 stack frames]]>
    </failure>
  </testcase> <!-- validateAllErrorMsgForSignUpTest -->
  <testcase classname="acj79_RegistrationFirstName.NegativeSignUpTests" name="validateAllErrorMsgForSignUpTest" time="1.301"/>
  <testcase classname="acj79_RegistrationFirstName.PositiveSignUpTests" name="validateAllPositiveScenariosForSignUpTest" time="2.521"/>
  <testcase classname="acj79_RegistrationFirstName.NegativeSignUpTests" name="validateAllErrorMsgForSignUpTest" time="1.621"/>
  <testcase classname="acj79_RegistrationFirstName.PositiveSignUpTests" name="validateAllPositiveScenariosForSignUpTest" time="2.66"/>
  <testcase classname="acj79_RegistrationFirstName.NegativeSignUpTests" name="validateAllErrorMsgForSignUpTest" time="1.251"/>
  <testcase classname="acj79_RegistrationFirstName.PositiveSignUpTests" name="validateAllPositiveScenariosForSignUpTest" time="5.6">
    <failure type="java.lang.AssertionError" message="expected [true] but found [false]">
      <![CDATA[java.lang.AssertionError: expected [true] but found [false]
at reusableUtilities.ReusableMethods.assertEqualStrings(ReusableMethods.java:202)
at pageObjects.SignUpPageObject.validateSignUpPositiveScenarios(SignUpPageObject.java:61)
at acj79_RegistrationFirstName.PositiveSignUpTests.validateAllPositiveScenariosForSignUpTest(PositiveSignUpTests.java:24)
at java.base/java.util.concurrent.ThreadPoolExecutor.runWorker(ThreadPoolExecutor.java:1128)
at java.base/java.util.concurrent.ThreadPoolExecutor$Worker.run(ThreadPoolExecutor.java:628)
at java.base/java.lang.Thread.run(Thread.java:834)
... Removed 16 stack frames]]>
    </failure>
  </testcase> <!-- validateAllPositiveScenariosForSignUpTest -->
  <testcase classname="acj79_RegistrationFirstName.NegativeSignUpTests" name="validateAllErrorMsgForSignUpTest" time="2.905"/>
  <testcase classname="acj79_RegistrationFirstName.PositiveSignUpTests" name="validateAllPositiveScenariosForSignUpTest" time="4.753">
    <failure type="java.lang.AssertionError" message="expected [true] but found [false]">
      <![CDATA[java.lang.AssertionError: expected [true] but found [false]
at reusableUtilities.ReusableMethods.assertEqualStrings(ReusableMethods.java:202)
at pageObjects.SignUpPageObject.validateSignUpPositiveScenarios(SignUpPageObject.java:61)
at acj79_RegistrationFirstName.PositiveSignUpTests.validateAllPositiveScenariosForSignUpTest(PositiveSignUpTests.java:24)
at java.base/java.util.concurrent.ThreadPoolExecutor.runWorker(ThreadPoolExecutor.java:1128)
at java.base/java.util.concurrent.ThreadPoolExecutor$Worker.run(ThreadPoolExecutor.java:628)
at java.base/java.lang.Thread.run(Thread.java:834)
... Removed 16 stack frames]]>
    </failure>
  </testcase> <!-- validateAllPositiveScenariosForSignUpTest -->
  <testcase classname="acj79_RegistrationFirstName.NegativeSignUpTests" name="validateAllErrorMsgForSignUpTest" time="2.066"/>
  <testcase classname="acj79_RegistrationFirstName.PositiveSignUpTests" name="validateAllPositiveScenariosForSignUpTest" time="2.627"/>
  <testcase classname="acj79_RegistrationFirstName.NegativeSignUpTests" name="validateAllErrorMsgForSignUpTest" time="2.221"/>
  <testcase classname="acj79_RegistrationFirstName.NegativeSignUpTests" name="validateAllErrorMsgForSignUpTest" time="1.601"/>
  <testcase classname="acj79_RegistrationFirstName.PositiveSignUpTests" name="validateAllPositiveScenariosForSignUpTest" time="3.001"/>
  <testcase classname="acj79_RegistrationFirstName.NegativeSignUpTests" name="validateAllErrorMsgForSignUpTest" time="1.46"/>
  <testcase classname="acj79_RegistrationFirstName.PositiveSignUpTests" name="validateAllPositiveScenariosForSignUpTest" time="4.611">
    <failure type="java.lang.AssertionError" message="expected [true] but found [false]">
      <![CDATA[java.lang.AssertionError: expected [true] but found [false]
at reusableUtilities.ReusableMethods.assertEqualStrings(ReusableMethods.java:202)
at pageObjects.SignUpPageObject.validateSignUpPositiveScenarios(SignUpPageObject.java:61)
at acj79_RegistrationFirstName.PositiveSignUpTests.validateAllPositiveScenariosForSignUpTest(PositiveSignUpTests.java:24)
at java.base/java.util.concurrent.ThreadPoolExecutor.runWorker(ThreadPoolExecutor.java:1128)
at java.base/java.util.concurrent.ThreadPoolExecutor$Worker.run(ThreadPoolExecutor.java:628)
at java.base/java.lang.Thread.run(Thread.java:834)
... Removed 16 stack frames]]>
    </failure>
  </testcase> <!-- validateAllPositiveScenariosForSignUpTest -->
  <testcase classname="acj79_RegistrationFirstName.NegativeSignUpTests" name="validateAllErrorMsgForSignUpTest" time="1.338"/>
  <testcase classname="acj79_RegistrationFirstName.PositiveSignUpTests" name="validateAllPositiveScenariosForSignUpTest" time="2.752"/>
  <testcase classname="acj79_RegistrationFirstName.NegativeSignUpTests" name="validateAllErrorMsgForSignUpTest" time="1.779"/>
  <testcase classname="acj79_RegistrationFirstName.PositiveSignUpTests" name="validateAllPositiveScenariosForSignUpTest" time="3.033"/>
  <testcase classname="acj79_RegistrationFirstName.NegativeSignUpTests" name="validateAllErrorMsgForSignUpTest" time="1.471"/>
  <testcase classname="acj79_RegistrationFirstName.PositiveSignUpTests" name="validateAllPositiveScenariosForSignUpTest" time="2.628"/>
  <testcase classname="acj79_RegistrationFirstName.NegativeSignUpTests" name="validateAllErrorMsgForSignUpTest" time="4.336">
    <failure type="java.lang.AssertionError" message="expected [true] but found [false]">
      <![CDATA[java.lang.AssertionError: expected [true] but found [false]
at reusableUtilities.ReusableMethods.assertEqualStrings(ReusableMethods.java:202)
at pageObjects.SignUpPageObject.validateErrorMessageText(SignUpPageObject.java:55)
at acj79_RegistrationFirstName.NegativeSignUpTests.validateAllErrorMsgForSignUpTest(NegativeSignUpTests.java:27)
at java.base/java.util.concurrent.ThreadPoolExecutor.runWorker(ThreadPoolExecutor.java:1128)
at java.base/java.util.concurrent.ThreadPoolExecutor$Worker.run(ThreadPoolExecutor.java:628)
at java.base/java.lang.Thread.run(Thread.java:834)
... Removed 15 stack frames]]>
    </failure>
  </testcase> <!-- validateAllErrorMsgForSignUpTest -->
  <testcase classname="acj79_RegistrationFirstName.NegativeSignUpTests" name="validateAllErrorMsgForSignUpTest" time="3.969">
    <failure type="java.lang.AssertionError" message="expected [true] but found [false]">
      <![CDATA[java.lang.AssertionError: expected [true] but found [false]
at reusableUtilities.ReusableMethods.assertEqualStrings(ReusableMethods.java:202)
at pageObjects.SignUpPageObject.validateErrorMessageText(SignUpPageObject.java:55)
at acj79_RegistrationFirstName.NegativeSignUpTests.validateAllErrorMsgForSignUpTest(NegativeSignUpTests.java:27)
at java.base/java.util.concurrent.ThreadPoolExecutor.runWorker(ThreadPoolExecutor.java:1128)
at java.base/java.util.concurrent.ThreadPoolExecutor$Worker.run(ThreadPoolExecutor.java:628)
at java.base/java.lang.Thread.run(Thread.java:834)
... Removed 15 stack frames]]>
    </failure>
  </testcase> <!-- validateAllErrorMsgForSignUpTest -->
  <testcase classname="acj79_RegistrationFirstName.NegativeSignUpTests" name="validateAllErrorMsgForSignUpTest" time="3.943">
    <failure type="java.lang.AssertionError" message="expected [true] but found [false]">
      <![CDATA[java.lang.AssertionError: expected [true] but found [false]
at reusableUtilities.ReusableMethods.assertEqualStrings(ReusableMethods.java:202)
at pageObjects.SignUpPageObject.validateErrorMessageText(SignUpPageObject.java:55)
at acj79_RegistrationFirstName.NegativeSignUpTests.validateAllErrorMsgForSignUpTest(NegativeSignUpTests.java:27)
at java.base/java.util.concurrent.ThreadPoolExecutor.runWorker(ThreadPoolExecutor.java:1128)
at java.base/java.util.concurrent.ThreadPoolExecutor$Worker.run(ThreadPoolExecutor.java:628)
at java.base/java.lang.Thread.run(Thread.java:834)
... Removed 15 stack frames]]>
    </failure>
  </testcase> <!-- validateAllErrorMsgForSignUpTest -->
  <testcase classname="acj79_RegistrationFirstName.NegativeSignUpTests" name="validateAllErrorMsgForSignUpTest" time="1.484"/>
  <testcase classname="acj79_RegistrationFirstName.NegativeSignUpTests" name="validateAllErrorMsgForSignUpTest" time="0.913"/>
  <testcase classname="acj79_RegistrationFirstName.NegativeSignUpTests" name="validateAllErrorMsgForSignUpTest" time="1.344"/>
  <testcase classname="acj79_RegistrationFirstName.NegativeSignUpTests" name="validateAllErrorMsgForSignUpTest" time="4.069">
    <failure type="java.lang.AssertionError" message="expected [true] but found [false]">
      <![CDATA[java.lang.AssertionError: expected [true] but found [false]
at reusableUtilities.ReusableMethods.assertEqualStrings(ReusableMethods.java:202)
at pageObjects.SignUpPageObject.validateErrorMessageText(SignUpPageObject.java:55)
at acj79_RegistrationFirstName.NegativeSignUpTests.validateAllErrorMsgForSignUpTest(NegativeSignUpTests.java:27)
at java.base/java.util.concurrent.ThreadPoolExecutor.runWorker(ThreadPoolExecutor.java:1128)
at java.base/java.util.concurrent.ThreadPoolExecutor$Worker.run(ThreadPoolExecutor.java:628)
at java.base/java.lang.Thread.run(Thread.java:834)
... Removed 15 stack frames]]>
    </failure>
  </testcase> <!-- validateAllErrorMsgForSignUpTest -->
  <testcase classname="acj79_RegistrationFirstName.NegativeSignUpTests" name="validateAllErrorMsgForSignUpTest" time="4.049">
    <failure type="java.lang.AssertionError" message="expected [true] but found [false]">
      <![CDATA[java.lang.AssertionError: expected [true] but found [false]
at reusableUtilities.ReusableMethods.assertEqualStrings(ReusableMethods.java:202)
at pageObjects.SignUpPageObject.validateErrorMessageText(SignUpPageObject.java:55)
at acj79_RegistrationFirstName.NegativeSignUpTests.validateAllErrorMsgForSignUpTest(NegativeSignUpTests.java:27)
at java.base/java.util.concurrent.ThreadPoolExecutor.runWorker(ThreadPoolExecutor.java:1128)
at java.base/java.util.concurrent.ThreadPoolExecutor$Worker.run(ThreadPoolExecutor.java:628)
at java.base/java.lang.Thread.run(Thread.java:834)
... Removed 15 stack frames]]>
    </failure>
  </testcase> <!-- validateAllErrorMsgForSignUpTest -->
  <testcase classname="acj79_RegistrationFirstName.NegativeSignUpTests" name="validateAllErrorMsgForSignUpTest" time="4.053">
    <failure type="java.lang.AssertionError" message="expected [true] but found [false]">
      <![CDATA[java.lang.AssertionError: expected [true] but found [false]
at reusableUtilities.ReusableMethods.assertEqualStrings(ReusableMethods.java:202)
at pageObjects.SignUpPageObject.validateErrorMessageText(SignUpPageObject.java:55)
at acj79_RegistrationFirstName.NegativeSignUpTests.validateAllErrorMsgForSignUpTest(NegativeSignUpTests.java:27)
at java.base/java.util.concurrent.ThreadPoolExecutor.runWorker(ThreadPoolExecutor.java:1128)
at java.base/java.util.concurrent.ThreadPoolExecutor$Worker.run(ThreadPoolExecutor.java:628)
at java.base/java.lang.Thread.run(Thread.java:834)
... Removed 15 stack frames]]>
    </failure>
  </testcase> <!-- validateAllErrorMsgForSignUpTest -->
  <testcase classname="acj79_RegistrationFirstName.NegativeSignUpTests" name="validateAllErrorMsgForSignUpTest" time="1.048"/>
  <testcase classname="acj79_RegistrationFirstName.NegativeSignUpTests" name="validateAllErrorMsgForSignUpTest" time="1.237"/>
</testsuite> <!-- Test -->
