<!DOCTYPE html PUBLIC "-//W3C//DTD XHTML 1.1//EN" "https://www.w3.org/TR/xhtml11/DTD/xhtml11.dtd">
<html xmlns="https://www.w3.org/1999/xhtml">
<head>
<meta http-equiv="content-type" content="text/html; charset=UTF-8"/>
<title>TestNG Report</title>
<style type="text/css">table {margin-bottom:10px;border-collapse:collapse;empty-cells:show}th,td {border:1px solid #009;padding:.25em .5em}th {vertical-align:bottom}td {vertical-align:top}table a {font-weight:bold}.stripe td {background-color: #E6EBF9}.num {text-align:right}.passedodd td {background-color: #3F3}.passedeven td {background-color: #0A0}.skippedodd td {background-color: #DDD}.skippedeven td {background-color: #CCC}.failedodd td,.attn {background-color: #F33}.failedeven td,.stripe .attn {background-color: #D00}.stacktrace {white-space:pre;font-family:monospace}.totop {font-size:85%;text-align:center;border-bottom:2px solid #000}.invisible {display:none}</style>
</head>
<body>
<table>
<tr><th>Test</th><th># Passed</th><th># Skipped</th><th># Retried</th><th># Failed</th><th>Time (ms)</th><th>Included Groups</th><th>Excluded Groups</th></tr>
<tr><th colspan="8">NegativeSignUpSuite</th></tr>
<tr><td><a href="#t0">ACJ163_1QuestionQuiz_PositiveTest</a></td><td class="num">1</td><td class="num">0</td><td class="num">0</td><td class="num">0</td><td class="num">12,199</td><td></td><td></td></tr>
<tr class="stripe"><td><a href="#t1">ACJ163_50QuestionQuiz_PositiveTest</a></td><td class="num">0</td><td class="num">0</td><td class="num">0</td><td class="num attn">1</td><td class="num">61,250</td><td></td><td></td></tr>
<tr><td><a href="#t2">ACJ163_51QuestionQuiz_PositiveTest</a></td><td class="num">0</td><td class="num">0</td><td class="num">0</td><td class="num attn">1</td><td class="num">57,861</td><td></td><td></td></tr>
<tr><th>Total</th><th class="num">1</th><th class="num">0</th><th class="num">0</th><th class="num attn">2</th><th class="num">131,310</th><th colspan="2"></th></tr>
</table>
<table id='summary'><thead><tr><th>Class</th><th>Method</th><th>Start</th><th>Time (ms)</th></tr></thead><tbody><tr><th colspan="4">NegativeSignUpSuite</th></tr></tbody><tbody id="t0"><tr><th colspan="4">ACJ163_1QuestionQuiz_PositiveTest &#8212; passed</th></tr><tr class="passedeven"><td rowspan="1">acj160_QuizTotalQuestions.ACJ160_QuizTotalQuestions</td><td><a href="#m0">createQuizWithNNumberOfQuestions</a></td><td rowspan="1">1611747970539</td><td rowspan="1">5955</td></tr></tbody>
<tbody id="t1"><tr><th colspan="4">ACJ163_50QuestionQuiz_PositiveTest &#8212; failed</th></tr><tr class="failedeven"><td rowspan="1">acj160_QuizTotalQuestions.ACJ160_QuizTotalQuestions</td><td><a href="#m1">createQuizWithNNumberOfQuestions</a></td><td rowspan="1">1611747980719</td><td rowspan="1">57013</td></tr></tbody>
<tbody id="t2"><tr><th colspan="4">ACJ163_51QuestionQuiz_PositiveTest &#8212; failed</th></tr><tr class="failedeven"><td rowspan="1">acj160_QuizTotalQuestions.ACJ160_QuizTotalQuestions</td><td><a href="#m2">createQuizWithNNumberOfQuestions</a></td><td rowspan="1">1611748042848</td><td rowspan="1">53035</td></tr></tbody>
</table>
<h2>ACJ163_1QuestionQuiz_PositiveTest</h2><h3 id="m0">acj160_QuizTotalQuestions.ACJ160_QuizTotalQuestions#createQuizWithNNumberOfQuestions</h3><table class="result"><tr class="param"><th>Parameter #1</th><th>Parameter #2</th><th>Parameter #3</th><th>Parameter #4</th></tr><tr class="param stripe"><td>teacher3@gmail.com</td><td>12345Abc</td><td>1</td><td>ABCD432109</td></tr></table><p class="totop"><a href="#summary">back to summary</a></p>
<h2>ACJ163_50QuestionQuiz_PositiveTest</h2><h3 id="m1">acj160_QuizTotalQuestions.ACJ160_QuizTotalQuestions#createQuizWithNNumberOfQuestions</h3><table class="result"><tr class="param"><th>Parameter #1</th><th>Parameter #2</th><th>Parameter #3</th><th>Parameter #4</th></tr><tr class="param stripe"><td>teacher3@gmail.com</td><td>12345Abc</td><td>50</td><td>ABCD432108</td></tr><tr><th colspan="4">Exception</th></tr><tr><td colspan="4"><div class="stacktrace">org.openqa.selenium.TimeoutException: Expected condition failed: waiting for visibility of all [[[ChromeDriver: chrome on WINDOWS (7a206649d018fe836a9153fb2f2ded58)] -&gt; xpath: //mat-radio-button[contains(@class, &apos;mat&apos;)]], [[ChromeDriver: chrome on WINDOWS (7a206649d018fe836a9153fb2f2ded58)] -&gt; xpath: //mat-radio-button[contains(@class, &apos;mat&apos;)]], [[ChromeDriver: chrome on WINDOWS (7a206649d018fe836a9153fb2f2ded58)] -&gt; xpath: //mat-radio-button[contains(@class, &apos;mat&apos;)]]] (tried for 10 second(s) with 500 milliseconds interval)
Build info: version: &apos;4.0.0-alpha-7&apos;, revision: &apos;de8579b6d5&apos;
System info: host: &apos;LAPTOP-FAP6QC75&apos;, ip: &apos;192.168.99.1&apos;, os.name: &apos;Windows 10&apos;, os.arch: &apos;amd64&apos;, os.version: &apos;10.0&apos;, java.version: &apos;11.0.7&apos;
Driver info: org.openqa.selenium.chrome.ChromeDriver
Capabilities {acceptInsecureCerts: false, browserName: chrome, browserVersion: 88.0.4324.104, chrome: {chromedriverVersion: 88.0.4324.96 (68dba2d8a0b14..., userDataDir: C:\Users\19163\AppData\Loca...}, goog:chromeOptions: {debuggerAddress: localhost:61276}, javascriptEnabled: true, networkConnectionEnabled: false, pageLoadStrategy: normal, platform: WINDOWS, platformName: WINDOWS, proxy: Proxy(), setWindowRect: true, strictFileInteractability: false, timeouts: {implicit: 0, pageLoad: 300000, script: 30000}, unhandledPromptBehavior: dismiss and notify, webauthn:extension:largeBlob: true, webauthn:virtualAuthenticators: true}
Session ID: 7a206649d018fe836a9153fb2f2ded58
	at org.openqa.selenium.support.ui.FluentWait.until(FluentWait.java:211)
	at pageObjects.QuizzesPageObject.checkTypeOfQuestionRadioBtn(QuizzesPageObject.java:76)
	at pageObjects.QuizzesPageObject.createNTextualQuestionsQuiz(QuizzesPageObject.java:39)
	at acj160_QuizTotalQuestions.ACJ160_QuizTotalQuestions.createQuizWithNNumberOfQuestions(ACJ160_QuizTotalQuestions.java:16)
	at java.base/java.util.concurrent.ThreadPoolExecutor.runWorker(ThreadPoolExecutor.java:1128)
	at java.base/java.util.concurrent.ThreadPoolExecutor$Worker.run(ThreadPoolExecutor.java:628)
	at java.base/java.lang.Thread.run(Thread.java:834)
... Removed 12 stack frames</div></td></tr></table><p class="totop"><a href="#summary">back to summary</a></p>
<h2>ACJ163_51QuestionQuiz_PositiveTest</h2><h3 id="m2">acj160_QuizTotalQuestions.ACJ160_QuizTotalQuestions#createQuizWithNNumberOfQuestions</h3><table class="result"><tr class="param"><th>Parameter #1</th><th>Parameter #2</th><th>Parameter #3</th><th>Parameter #4</th></tr><tr class="param stripe"><td>teacher3@gmail.com</td><td>12345Abc</td><td>51</td><td>ABCD432107</td></tr><tr><th colspan="4">Exception</th></tr><tr><td colspan="4"><div class="stacktrace">org.openqa.selenium.TimeoutException: Expected condition failed: waiting for visibility of all [[[ChromeDriver: chrome on WINDOWS (55ce1b8ce3776a4d3a08c716ff99856c)] -&gt; xpath: //mat-radio-button[contains(@class, &apos;mat&apos;)]], [[ChromeDriver: chrome on WINDOWS (55ce1b8ce3776a4d3a08c716ff99856c)] -&gt; xpath: //mat-radio-button[contains(@class, &apos;mat&apos;)]], [[ChromeDriver: chrome on WINDOWS (55ce1b8ce3776a4d3a08c716ff99856c)] -&gt; xpath: //mat-radio-button[contains(@class, &apos;mat&apos;)]]] (tried for 10 second(s) with 500 milliseconds interval)
Build info: version: &apos;4.0.0-alpha-7&apos;, revision: &apos;de8579b6d5&apos;
System info: host: &apos;LAPTOP-FAP6QC75&apos;, ip: &apos;192.168.99.1&apos;, os.name: &apos;Windows 10&apos;, os.arch: &apos;amd64&apos;, os.version: &apos;10.0&apos;, java.version: &apos;11.0.7&apos;
Driver info: org.openqa.selenium.chrome.ChromeDriver
Capabilities {acceptInsecureCerts: false, browserName: chrome, browserVersion: 88.0.4324.104, chrome: {chromedriverVersion: 88.0.4324.96 (68dba2d8a0b14..., userDataDir: C:\Users\19163\AppData\Loca...}, goog:chromeOptions: {debuggerAddress: localhost:61324}, javascriptEnabled: true, networkConnectionEnabled: false, pageLoadStrategy: normal, platform: WINDOWS, platformName: WINDOWS, proxy: Proxy(), setWindowRect: true, strictFileInteractability: false, timeouts: {implicit: 0, pageLoad: 300000, script: 30000}, unhandledPromptBehavior: dismiss and notify, webauthn:extension:largeBlob: true, webauthn:virtualAuthenticators: true}
Session ID: 55ce1b8ce3776a4d3a08c716ff99856c
	at org.openqa.selenium.support.ui.FluentWait.until(FluentWait.java:211)
	at pageObjects.QuizzesPageObject.checkTypeOfQuestionRadioBtn(QuizzesPageObject.java:76)
	at pageObjects.QuizzesPageObject.createNTextualQuestionsQuiz(QuizzesPageObject.java:39)
	at acj160_QuizTotalQuestions.ACJ160_QuizTotalQuestions.createQuizWithNNumberOfQuestions(ACJ160_QuizTotalQuestions.java:16)
	at java.base/java.util.concurrent.ThreadPoolExecutor.runWorker(ThreadPoolExecutor.java:1128)
	at java.base/java.util.concurrent.ThreadPoolExecutor$Worker.run(ThreadPoolExecutor.java:628)
	at java.base/java.lang.Thread.run(Thread.java:834)
... Removed 12 stack frames</div></td></tr></table><p class="totop"><a href="#summary">back to summary</a></p>
</body>
</html>
