<?xml version="1.0" encoding="UTF-8"?>
<testng-results ignored="0" total="3" passed="1" failed="2" skipped="0">
  <reporter-output>
  </reporter-output>
  <suite started-at="2021-01-27T03:46:04 PST" name="NegativeSignUpSuite" finished-at="2021-01-27T03:48:16 PST" duration-ms="132011">
    <groups>
    </groups>
    <test started-at="2021-01-27T03:46:04 PST" name="ACJ163_1QuestionQuiz_PositiveTest" finished-at="2021-01-27T03:46:16 PST" duration-ms="12199">
      <class name="acj160_QuizTotalQuestions.ACJ160_QuizTotalQuestions">
        <test-method is-config="true" signature="LaunchApplication()[pri:0, instance:acj160_QuizTotalQuestions.ACJ160_QuizTotalQuestions@5fbdfdcf]" started-at="2021-01-27T03:46:04 PST" name="LaunchApplication" finished-at="2021-01-27T03:46:10 PST" duration-ms="5779" status="PASS">
          <reporter-output>
          </reporter-output>
        </test-method> <!-- LaunchApplication -->
        <test-method signature="createQuizWithNNumberOfQuestions(java.lang.String, java.lang.String, int, java.lang.String)[pri:0, instance:acj160_QuizTotalQuestions.ACJ160_QuizTotalQuestions@5fbdfdcf]" started-at="2021-01-27T03:46:10 PST" name="createQuizWithNNumberOfQuestions" finished-at="2021-01-27T03:46:16 PST" duration-ms="5955" status="PASS">
          <params>
            <param index="0">
              <value>
                <![CDATA[teacher3@gmail.com]]>
              </value>
            </param>
            <param index="1">
              <value>
                <![CDATA[12345Abc]]>
              </value>
            </param>
            <param index="2">
              <value>
                <![CDATA[1]]>
              </value>
            </param>
            <param index="3">
              <value>
                <![CDATA[ABCD432109]]>
              </value>
            </param>
          </params>
          <reporter-output>
          </reporter-output>
        </test-method> <!-- createQuizWithNNumberOfQuestions -->
        <test-method is-config="true" signature="tearDown()[pri:0, instance:acj160_QuizTotalQuestions.ACJ160_QuizTotalQuestions@5fbdfdcf]" started-at="2021-01-27T03:46:16 PST" name="tearDown" finished-at="2021-01-27T03:46:16 PST" duration-ms="89" status="PASS">
          <reporter-output>
          </reporter-output>
        </test-method> <!-- tearDown -->
      </class> <!-- acj160_QuizTotalQuestions.ACJ160_QuizTotalQuestions -->
    </test> <!-- ACJ163_1QuestionQuiz_PositiveTest -->
    <test started-at="2021-01-27T03:46:17 PST" name="ACJ163_50QuestionQuiz_PositiveTest" finished-at="2021-01-27T03:47:18 PST" duration-ms="61250">
      <class name="acj160_QuizTotalQuestions.ACJ160_QuizTotalQuestions">
        <test-method is-config="true" signature="LaunchApplication()[pri:0, instance:acj160_QuizTotalQuestions.ACJ160_QuizTotalQuestions@f5acb9d]" started-at="2021-01-27T03:46:17 PST" name="LaunchApplication" finished-at="2021-01-27T03:46:20 PST" duration-ms="3560" status="PASS">
          <reporter-output>
          </reporter-output>
        </test-method> <!-- LaunchApplication -->
        <test-method signature="createQuizWithNNumberOfQuestions(java.lang.String, java.lang.String, int, java.lang.String)[pri:0, instance:acj160_QuizTotalQuestions.ACJ160_QuizTotalQuestions@f5acb9d]" started-at="2021-01-27T03:46:20 PST" name="createQuizWithNNumberOfQuestions" finished-at="2021-01-27T03:47:17 PST" duration-ms="57013" status="FAIL">
          <params>
            <param index="0">
              <value>
                <![CDATA[teacher3@gmail.com]]>
              </value>
            </param>
            <param index="1">
              <value>
                <![CDATA[12345Abc]]>
              </value>
            </param>
            <param index="2">
              <value>
                <![CDATA[50]]>
              </value>
            </param>
            <param index="3">
              <value>
                <![CDATA[ABCD432108]]>
              </value>
            </param>
          </params>
          <exception class="org.openqa.selenium.TimeoutException">
            <message>
              <![CDATA[Expected condition failed: waiting for visibility of all [[[ChromeDriver: chrome on WINDOWS (7a206649d018fe836a9153fb2f2ded58)] -> xpath: //mat-radio-button[contains(@class, 'mat')]], [[ChromeDriver: chrome on WINDOWS (7a206649d018fe836a9153fb2f2ded58)] -> xpath: //mat-radio-button[contains(@class, 'mat')]], [[ChromeDriver: chrome on WINDOWS (7a206649d018fe836a9153fb2f2ded58)] -> xpath: //mat-radio-button[contains(@class, 'mat')]]] (tried for 10 second(s) with 500 milliseconds interval)
Build info: version: '4.0.0-alpha-7', revision: 'de8579b6d5'
System info: host: 'LAPTOP-FAP6QC75', ip: '192.168.99.1', os.name: 'Windows 10', os.arch: 'amd64', os.version: '10.0', java.version: '11.0.7'
Driver info: org.openqa.selenium.chrome.ChromeDriver
Capabilities {acceptInsecureCerts: false, browserName: chrome, browserVersion: 88.0.4324.104, chrome: {chromedriverVersion: 88.0.4324.96 (68dba2d8a0b14..., userDataDir: C:\Users\19163\AppData\Loca...}, goog:chromeOptions: {debuggerAddress: localhost:61276}, javascriptEnabled: true, networkConnectionEnabled: false, pageLoadStrategy: normal, platform: WINDOWS, platformName: WINDOWS, proxy: Proxy(), setWindowRect: true, strictFileInteractability: false, timeouts: {implicit: 0, pageLoad: 300000, script: 30000}, unhandledPromptBehavior: dismiss and notify, webauthn:extension:largeBlob: true, webauthn:virtualAuthenticators: true}
Session ID: 7a206649d018fe836a9153fb2f2ded58]]>
            </message>
            <full-stacktrace>
              <![CDATA[org.openqa.selenium.TimeoutException: Expected condition failed: waiting for visibility of all [[[ChromeDriver: chrome on WINDOWS (7a206649d018fe836a9153fb2f2ded58)] -> xpath: //mat-radio-button[contains(@class, 'mat')]], [[ChromeDriver: chrome on WINDOWS (7a206649d018fe836a9153fb2f2ded58)] -> xpath: //mat-radio-button[contains(@class, 'mat')]], [[ChromeDriver: chrome on WINDOWS (7a206649d018fe836a9153fb2f2ded58)] -> xpath: //mat-radio-button[contains(@class, 'mat')]]] (tried for 10 second(s) with 500 milliseconds interval)
Build info: version: '4.0.0-alpha-7', revision: 'de8579b6d5'
System info: host: 'LAPTOP-FAP6QC75', ip: '192.168.99.1', os.name: 'Windows 10', os.arch: 'amd64', os.version: '10.0', java.version: '11.0.7'
Driver info: org.openqa.selenium.chrome.ChromeDriver
Capabilities {acceptInsecureCerts: false, browserName: chrome, browserVersion: 88.0.4324.104, chrome: {chromedriverVersion: 88.0.4324.96 (68dba2d8a0b14..., userDataDir: C:\Users\19163\AppData\Loca...}, goog:chromeOptions: {debuggerAddress: localhost:61276}, javascriptEnabled: true, networkConnectionEnabled: false, pageLoadStrategy: normal, platform: WINDOWS, platformName: WINDOWS, proxy: Proxy(), setWindowRect: true, strictFileInteractability: false, timeouts: {implicit: 0, pageLoad: 300000, script: 30000}, unhandledPromptBehavior: dismiss and notify, webauthn:extension:largeBlob: true, webauthn:virtualAuthenticators: true}
Session ID: 7a206649d018fe836a9153fb2f2ded58
at org.openqa.selenium.support.ui.FluentWait.until(FluentWait.java:211)
at pageObjects.QuizzesPageObject.checkTypeOfQuestionRadioBtn(QuizzesPageObject.java:76)
at pageObjects.QuizzesPageObject.createNTextualQuestionsQuiz(QuizzesPageObject.java:39)
at acj160_QuizTotalQuestions.ACJ160_QuizTotalQuestions.createQuizWithNNumberOfQuestions(ACJ160_QuizTotalQuestions.java:16)
at java.base/jdk.internal.reflect.NativeMethodAccessorImpl.invoke0(Native Method)
at java.base/jdk.internal.reflect.NativeMethodAccessorImpl.invoke(NativeMethodAccessorImpl.java:62)
at java.base/jdk.internal.reflect.DelegatingMethodAccessorImpl.invoke(DelegatingMethodAccessorImpl.java:43)
at java.base/java.lang.reflect.Method.invoke(Method.java:566)
at org.testng.internal.MethodInvocationHelper.invokeMethod(MethodInvocationHelper.java:132)
at org.testng.internal.TestInvoker.invokeMethod(TestInvoker.java:599)
at org.testng.internal.TestInvoker.invokeTestMethod(TestInvoker.java:174)
at org.testng.internal.MethodRunner.runInSequence(MethodRunner.java:46)
at org.testng.internal.TestInvoker$MethodInvocationAgent.invoke(TestInvoker.java:822)
at org.testng.internal.TestInvoker.invokeTestMethods(TestInvoker.java:147)
at org.testng.internal.TestMethodWorker.invokeTestMethods(TestMethodWorker.java:146)
at org.testng.internal.TestMethodWorker.run(TestMethodWorker.java:128)
at java.base/java.util.concurrent.ThreadPoolExecutor.runWorker(ThreadPoolExecutor.java:1128)
at java.base/java.util.concurrent.ThreadPoolExecutor$Worker.run(ThreadPoolExecutor.java:628)
at java.base/java.lang.Thread.run(Thread.java:834)
]]>
            </full-stacktrace>
          </exception> <!-- org.openqa.selenium.TimeoutException -->
          <reporter-output>
          </reporter-output>
        </test-method> <!-- createQuizWithNNumberOfQuestions -->
        <test-method is-config="true" signature="tearDown()[pri:0, instance:acj160_QuizTotalQuestions.ACJ160_QuizTotalQuestions@f5acb9d]" started-at="2021-01-27T03:47:18 PST" name="tearDown" finished-at="2021-01-27T03:47:18 PST" duration-ms="64" status="PASS">
          <reporter-output>
          </reporter-output>
        </test-method> <!-- tearDown -->
      </class> <!-- acj160_QuizTotalQuestions.ACJ160_QuizTotalQuestions -->
    </test> <!-- ACJ163_50QuestionQuiz_PositiveTest -->
    <test started-at="2021-01-27T03:47:18 PST" name="ACJ163_51QuestionQuiz_PositiveTest" finished-at="2021-01-27T03:48:16 PST" duration-ms="57861">
      <class name="acj160_QuizTotalQuestions.ACJ160_QuizTotalQuestions">
        <test-method is-config="true" signature="LaunchApplication()[pri:0, instance:acj160_QuizTotalQuestions.ACJ160_QuizTotalQuestions@21e360a]" started-at="2021-01-27T03:47:18 PST" name="LaunchApplication" finished-at="2021-01-27T03:47:22 PST" duration-ms="4301" status="PASS">
          <reporter-output>
          </reporter-output>
        </test-method> <!-- LaunchApplication -->
        <test-method signature="createQuizWithNNumberOfQuestions(java.lang.String, java.lang.String, int, java.lang.String)[pri:0, instance:acj160_QuizTotalQuestions.ACJ160_QuizTotalQuestions@21e360a]" started-at="2021-01-27T03:47:22 PST" name="createQuizWithNNumberOfQuestions" finished-at="2021-01-27T03:48:15 PST" duration-ms="53035" status="FAIL">
          <params>
            <param index="0">
              <value>
                <![CDATA[teacher3@gmail.com]]>
              </value>
            </param>
            <param index="1">
              <value>
                <![CDATA[12345Abc]]>
              </value>
            </param>
            <param index="2">
              <value>
                <![CDATA[51]]>
              </value>
            </param>
            <param index="3">
              <value>
                <![CDATA[ABCD432107]]>
              </value>
            </param>
          </params>
          <exception class="org.openqa.selenium.TimeoutException">
            <message>
              <![CDATA[Expected condition failed: waiting for visibility of all [[[ChromeDriver: chrome on WINDOWS (55ce1b8ce3776a4d3a08c716ff99856c)] -> xpath: //mat-radio-button[contains(@class, 'mat')]], [[ChromeDriver: chrome on WINDOWS (55ce1b8ce3776a4d3a08c716ff99856c)] -> xpath: //mat-radio-button[contains(@class, 'mat')]], [[ChromeDriver: chrome on WINDOWS (55ce1b8ce3776a4d3a08c716ff99856c)] -> xpath: //mat-radio-button[contains(@class, 'mat')]]] (tried for 10 second(s) with 500 milliseconds interval)
Build info: version: '4.0.0-alpha-7', revision: 'de8579b6d5'
System info: host: 'LAPTOP-FAP6QC75', ip: '192.168.99.1', os.name: 'Windows 10', os.arch: 'amd64', os.version: '10.0', java.version: '11.0.7'
Driver info: org.openqa.selenium.chrome.ChromeDriver
Capabilities {acceptInsecureCerts: false, browserName: chrome, browserVersion: 88.0.4324.104, chrome: {chromedriverVersion: 88.0.4324.96 (68dba2d8a0b14..., userDataDir: C:\Users\19163\AppData\Loca...}, goog:chromeOptions: {debuggerAddress: localhost:61324}, javascriptEnabled: true, networkConnectionEnabled: false, pageLoadStrategy: normal, platform: WINDOWS, platformName: WINDOWS, proxy: Proxy(), setWindowRect: true, strictFileInteractability: false, timeouts: {implicit: 0, pageLoad: 300000, script: 30000}, unhandledPromptBehavior: dismiss and notify, webauthn:extension:largeBlob: true, webauthn:virtualAuthenticators: true}
Session ID: 55ce1b8ce3776a4d3a08c716ff99856c]]>
            </message>
            <full-stacktrace>
              <![CDATA[org.openqa.selenium.TimeoutException: Expected condition failed: waiting for visibility of all [[[ChromeDriver: chrome on WINDOWS (55ce1b8ce3776a4d3a08c716ff99856c)] -> xpath: //mat-radio-button[contains(@class, 'mat')]], [[ChromeDriver: chrome on WINDOWS (55ce1b8ce3776a4d3a08c716ff99856c)] -> xpath: //mat-radio-button[contains(@class, 'mat')]], [[ChromeDriver: chrome on WINDOWS (55ce1b8ce3776a4d3a08c716ff99856c)] -> xpath: //mat-radio-button[contains(@class, 'mat')]]] (tried for 10 second(s) with 500 milliseconds interval)
Build info: version: '4.0.0-alpha-7', revision: 'de8579b6d5'
System info: host: 'LAPTOP-FAP6QC75', ip: '192.168.99.1', os.name: 'Windows 10', os.arch: 'amd64', os.version: '10.0', java.version: '11.0.7'
Driver info: org.openqa.selenium.chrome.ChromeDriver
Capabilities {acceptInsecureCerts: false, browserName: chrome, browserVersion: 88.0.4324.104, chrome: {chromedriverVersion: 88.0.4324.96 (68dba2d8a0b14..., userDataDir: C:\Users\19163\AppData\Loca...}, goog:chromeOptions: {debuggerAddress: localhost:61324}, javascriptEnabled: true, networkConnectionEnabled: false, pageLoadStrategy: normal, platform: WINDOWS, platformName: WINDOWS, proxy: Proxy(), setWindowRect: true, strictFileInteractability: false, timeouts: {implicit: 0, pageLoad: 300000, script: 30000}, unhandledPromptBehavior: dismiss and notify, webauthn:extension:largeBlob: true, webauthn:virtualAuthenticators: true}
Session ID: 55ce1b8ce3776a4d3a08c716ff99856c
at org.openqa.selenium.support.ui.FluentWait.until(FluentWait.java:211)
at pageObjects.QuizzesPageObject.checkTypeOfQuestionRadioBtn(QuizzesPageObject.java:76)
at pageObjects.QuizzesPageObject.createNTextualQuestionsQuiz(QuizzesPageObject.java:39)
at acj160_QuizTotalQuestions.ACJ160_QuizTotalQuestions.createQuizWithNNumberOfQuestions(ACJ160_QuizTotalQuestions.java:16)
at java.base/jdk.internal.reflect.NativeMethodAccessorImpl.invoke0(Native Method)
at java.base/jdk.internal.reflect.NativeMethodAccessorImpl.invoke(NativeMethodAccessorImpl.java:62)
at java.base/jdk.internal.reflect.DelegatingMethodAccessorImpl.invoke(DelegatingMethodAccessorImpl.java:43)
at java.base/java.lang.reflect.Method.invoke(Method.java:566)
at org.testng.internal.MethodInvocationHelper.invokeMethod(MethodInvocationHelper.java:132)
at org.testng.internal.TestInvoker.invokeMethod(TestInvoker.java:599)
at org.testng.internal.TestInvoker.invokeTestMethod(TestInvoker.java:174)
at org.testng.internal.MethodRunner.runInSequence(MethodRunner.java:46)
at org.testng.internal.TestInvoker$MethodInvocationAgent.invoke(TestInvoker.java:822)
at org.testng.internal.TestInvoker.invokeTestMethods(TestInvoker.java:147)
at org.testng.internal.TestMethodWorker.invokeTestMethods(TestMethodWorker.java:146)
at org.testng.internal.TestMethodWorker.run(TestMethodWorker.java:128)
at java.base/java.util.concurrent.ThreadPoolExecutor.runWorker(ThreadPoolExecutor.java:1128)
at java.base/java.util.concurrent.ThreadPoolExecutor$Worker.run(ThreadPoolExecutor.java:628)
at java.base/java.lang.Thread.run(Thread.java:834)
]]>
            </full-stacktrace>
          </exception> <!-- org.openqa.selenium.TimeoutException -->
          <reporter-output>
          </reporter-output>
        </test-method> <!-- createQuizWithNNumberOfQuestions -->
        <test-method is-config="true" signature="tearDown()[pri:0, instance:acj160_QuizTotalQuestions.ACJ160_QuizTotalQuestions@21e360a]" started-at="2021-01-27T03:48:16 PST" name="tearDown" finished-at="2021-01-27T03:48:16 PST" duration-ms="85" status="PASS">
          <reporter-output>
          </reporter-output>
        </test-method> <!-- tearDown -->
      </class> <!-- acj160_QuizTotalQuestions.ACJ160_QuizTotalQuestions -->
    </test> <!-- ACJ163_51QuestionQuiz_PositiveTest -->
  </suite> <!-- NegativeSignUpSuite -->
</testng-results>
