<?xml version="1.0" encoding="UTF-8"?>
<!-- Generated by org.testng.reporters.JUnitReportReporter -->
<testsuite hostname="LAPTOP-FAP6QC75" failures="0" tests="3" name="acj160_QuizTotalQuestions.ACJ160_QuizTotalQuestions" time="129.881" errors="2" timestamp="2021-01-27T03:48:16 PST" skipped="0">
  <testcase classname="acj160_QuizTotalQuestions.ACJ160_QuizTotalQuestions" name="createQuizWithNNumberOfQuestions" time="60.637">
    <error message="Expected condition failed: waiting for visibility of all [[[ChromeDriver: chrome on WINDOWS (7a206649d018fe836a9153fb2f2ded58)] -&gt; xpath: //mat-radio-button[contains(@class, &#039;mat&#039;)]], [[ChromeDriver: chrome on WINDOWS (7a206649d018fe836a9153fb2f2ded58)] -&gt; xpath: //mat-radio-button[contains(@class, &#039;mat&#039;)]], [[ChromeDriver: chrome on WINDOWS (7a206649d018fe836a9153fb2f2ded58)] -&gt; xpath: //mat-radio-button[contains(@class, &#039;mat&#039;)]]] (tried for 10 second(s) with 500 milliseconds interval)
Build info: version: &#039;4.0.0-alpha-7&#039;, revision: &#039;de8579b6d5&#039;
System info: host: &#039;LAPTOP-FAP6QC75&#039;, ip: &#039;192.168.99.1&#039;, os.name: &#039;Windows 10&#039;, os.arch: &#039;amd64&#039;, os.version: &#039;10.0&#039;, java.version: &#039;11.0.7&#039;
Driver info: org.openqa.selenium.chrome.ChromeDriver
Capabilities {acceptInsecureCerts: false, browserName: chrome, browserVersion: 88.0.4324.104, chrome: {chromedriverVersion: 88.0.4324.96 (68dba2d8a0b14..., userDataDir: C:\Users\19163\AppData\Loca...}, goog:chromeOptions: {debuggerAddress: localhost:61276}, javascriptEnabled: true, networkConnectionEnabled: false, pageLoadStrategy: normal, platform: WINDOWS, platformName: WINDOWS, proxy: Proxy(), setWindowRect: true, strictFileInteractability: false, timeouts: {implicit: 0, pageLoad: 300000, script: 30000}, unhandledPromptBehavior: dismiss and notify, webauthn:extension:largeBlob: true, webauthn:virtualAuthenticators: true}
Session ID: 7a206649d018fe836a9153fb2f2ded58" type="org.openqa.selenium.TimeoutException">
      <![CDATA[org.openqa.selenium.TimeoutException: Expected condition failed: waiting for visibility of all [[[ChromeDriver: chrome on WINDOWS (7a206649d018fe836a9153fb2f2ded58)] -> xpath: //mat-radio-button[contains(@class, 'mat')]], [[ChromeDriver: chrome on WINDOWS (7a206649d018fe836a9153fb2f2ded58)] -> xpath: //mat-radio-button[contains(@class, 'mat')]], [[ChromeDriver: chrome on WINDOWS (7a206649d018fe836a9153fb2f2ded58)] -> xpath: //mat-radio-button[contains(@class, 'mat')]]] (tried for 10 second(s) with 500 milliseconds interval)
Build info: version: '4.0.0-alpha-7', revision: 'de8579b6d5'
System info: host: 'LAPTOP-FAP6QC75', ip: '192.168.99.1', os.name: 'Windows 10', os.arch: 'amd64', os.version: '10.0', java.version: '11.0.7'
Driver info: org.openqa.selenium.chrome.ChromeDriver
Capabilities {acceptInsecureCerts: false, browserName: chrome, browserVersion: 88.0.4324.104, chrome: {chromedriverVersion: 88.0.4324.96 (68dba2d8a0b14..., userDataDir: C:\Users\19163\AppData\Loca...}, goog:chromeOptions: {debuggerAddress: localhost:61276}, javascriptEnabled: true, networkConnectionEnabled: false, pageLoadStrategy: normal, platform: WINDOWS, platformName: WINDOWS, proxy: Proxy(), setWindowRect: true, strictFileInteractability: false, timeouts: {implicit: 0, pageLoad: 300000, script: 30000}, unhandledPromptBehavior: dismiss and notify, webauthn:extension:largeBlob: true, webauthn:virtualAuthenticators: true}
Session ID: 7a206649d018fe836a9153fb2f2ded58
at org.openqa.selenium.support.ui.FluentWait.until(FluentWait.java:211)
at pageObjects.QuizzesPageObject.checkTypeOfQuestionRadioBtn(QuizzesPageObject.java:76)
at pageObjects.QuizzesPageObject.createNTextualQuestionsQuiz(QuizzesPageObject.java:39)
at acj160_QuizTotalQuestions.ACJ160_QuizTotalQuestions.createQuizWithNNumberOfQuestions(ACJ160_QuizTotalQuestions.java:16)
at java.base/jdk.internal.reflect.NativeMethodAccessorImpl.invoke0(Native Method)
at java.base/jdk.internal.reflect.NativeMethodAccessorImpl.invoke(NativeMethodAccessorImpl.java:62)
at java.base/jdk.internal.reflect.DelegatingMethodAccessorImpl.invoke(DelegatingMethodAccessorImpl.java:43)
at java.base/java.lang.reflect.Method.invoke(Method.java:566)
at org.testng.internal.MethodInvocationHelper.invokeMethod(MethodInvocationHelper.java:132)
at org.testng.internal.TestInvoker.invokeMethod(TestInvoker.java:599)
at org.testng.internal.TestInvoker.invokeTestMethod(TestInvoker.java:174)
at org.testng.internal.MethodRunner.runInSequence(MethodRunner.java:46)
at org.testng.internal.TestInvoker$MethodInvocationAgent.invoke(TestInvoker.java:822)
at org.testng.internal.TestInvoker.invokeTestMethods(TestInvoker.java:147)
at org.testng.internal.TestMethodWorker.invokeTestMethods(TestMethodWorker.java:146)
at org.testng.internal.TestMethodWorker.run(TestMethodWorker.java:128)
at java.base/java.util.concurrent.ThreadPoolExecutor.runWorker(ThreadPoolExecutor.java:1128)
at java.base/java.util.concurrent.ThreadPoolExecutor$Worker.run(ThreadPoolExecutor.java:628)
at java.base/java.lang.Thread.run(Thread.java:834)
]]>
    </error>
  </testcase> <!-- createQuizWithNNumberOfQuestions -->
  <system-out/>
  <testcase classname="acj160_QuizTotalQuestions.ACJ160_QuizTotalQuestions" name="createQuizWithNNumberOfQuestions" time="57.421">
    <error message="Expected condition failed: waiting for visibility of all [[[ChromeDriver: chrome on WINDOWS (55ce1b8ce3776a4d3a08c716ff99856c)] -&gt; xpath: //mat-radio-button[contains(@class, &#039;mat&#039;)]], [[ChromeDriver: chrome on WINDOWS (55ce1b8ce3776a4d3a08c716ff99856c)] -&gt; xpath: //mat-radio-button[contains(@class, &#039;mat&#039;)]], [[ChromeDriver: chrome on WINDOWS (55ce1b8ce3776a4d3a08c716ff99856c)] -&gt; xpath: //mat-radio-button[contains(@class, &#039;mat&#039;)]]] (tried for 10 second(s) with 500 milliseconds interval)
Build info: version: &#039;4.0.0-alpha-7&#039;, revision: &#039;de8579b6d5&#039;
System info: host: &#039;LAPTOP-FAP6QC75&#039;, ip: &#039;192.168.99.1&#039;, os.name: &#039;Windows 10&#039;, os.arch: &#039;amd64&#039;, os.version: &#039;10.0&#039;, java.version: &#039;11.0.7&#039;
Driver info: org.openqa.selenium.chrome.ChromeDriver
Capabilities {acceptInsecureCerts: false, browserName: chrome, browserVersion: 88.0.4324.104, chrome: {chromedriverVersion: 88.0.4324.96 (68dba2d8a0b14..., userDataDir: C:\Users\19163\AppData\Loca...}, goog:chromeOptions: {debuggerAddress: localhost:61324}, javascriptEnabled: true, networkConnectionEnabled: false, pageLoadStrategy: normal, platform: WINDOWS, platformName: WINDOWS, proxy: Proxy(), setWindowRect: true, strictFileInteractability: false, timeouts: {implicit: 0, pageLoad: 300000, script: 30000}, unhandledPromptBehavior: dismiss and notify, webauthn:extension:largeBlob: true, webauthn:virtualAuthenticators: true}
Session ID: 55ce1b8ce3776a4d3a08c716ff99856c" type="org.openqa.selenium.TimeoutException">
      <![CDATA[org.openqa.selenium.TimeoutException: Expected condition failed: waiting for visibility of all [[[ChromeDriver: chrome on WINDOWS (55ce1b8ce3776a4d3a08c716ff99856c)] -> xpath: //mat-radio-button[contains(@class, 'mat')]], [[ChromeDriver: chrome on WINDOWS (55ce1b8ce3776a4d3a08c716ff99856c)] -> xpath: //mat-radio-button[contains(@class, 'mat')]], [[ChromeDriver: chrome on WINDOWS (55ce1b8ce3776a4d3a08c716ff99856c)] -> xpath: //mat-radio-button[contains(@class, 'mat')]]] (tried for 10 second(s) with 500 milliseconds interval)
Build info: version: '4.0.0-alpha-7', revision: 'de8579b6d5'
System info: host: 'LAPTOP-FAP6QC75', ip: '192.168.99.1', os.name: 'Windows 10', os.arch: 'amd64', os.version: '10.0', java.version: '11.0.7'
Driver info: org.openqa.selenium.chrome.ChromeDriver
Capabilities {acceptInsecureCerts: false, browserName: chrome, browserVersion: 88.0.4324.104, chrome: {chromedriverVersion: 88.0.4324.96 (68dba2d8a0b14..., userDataDir: C:\Users\19163\AppData\Loca...}, goog:chromeOptions: {debuggerAddress: localhost:61324}, javascriptEnabled: true, networkConnectionEnabled: false, pageLoadStrategy: normal, platform: WINDOWS, platformName: WINDOWS, proxy: Proxy(), setWindowRect: true, strictFileInteractability: false, timeouts: {implicit: 0, pageLoad: 300000, script: 30000}, unhandledPromptBehavior: dismiss and notify, webauthn:extension:largeBlob: true, webauthn:virtualAuthenticators: true}
Session ID: 55ce1b8ce3776a4d3a08c716ff99856c
at org.openqa.selenium.support.ui.FluentWait.until(FluentWait.java:211)
at pageObjects.QuizzesPageObject.checkTypeOfQuestionRadioBtn(QuizzesPageObject.java:76)
at pageObjects.QuizzesPageObject.createNTextualQuestionsQuiz(QuizzesPageObject.java:39)
at acj160_QuizTotalQuestions.ACJ160_QuizTotalQuestions.createQuizWithNNumberOfQuestions(ACJ160_QuizTotalQuestions.java:16)
at java.base/jdk.internal.reflect.NativeMethodAccessorImpl.invoke0(Native Method)
at java.base/jdk.internal.reflect.NativeMethodAccessorImpl.invoke(NativeMethodAccessorImpl.java:62)
at java.base/jdk.internal.reflect.DelegatingMethodAccessorImpl.invoke(DelegatingMethodAccessorImpl.java:43)
at java.base/java.lang.reflect.Method.invoke(Method.java:566)
at org.testng.internal.MethodInvocationHelper.invokeMethod(MethodInvocationHelper.java:132)
at org.testng.internal.TestInvoker.invokeMethod(TestInvoker.java:599)
at org.testng.internal.TestInvoker.invokeTestMethod(TestInvoker.java:174)
at org.testng.internal.MethodRunner.runInSequence(MethodRunner.java:46)
at org.testng.internal.TestInvoker$MethodInvocationAgent.invoke(TestInvoker.java:822)
at org.testng.internal.TestInvoker.invokeTestMethods(TestInvoker.java:147)
at org.testng.internal.TestMethodWorker.invokeTestMethods(TestMethodWorker.java:146)
at org.testng.internal.TestMethodWorker.run(TestMethodWorker.java:128)
at java.base/java.util.concurrent.ThreadPoolExecutor.runWorker(ThreadPoolExecutor.java:1128)
at java.base/java.util.concurrent.ThreadPoolExecutor$Worker.run(ThreadPoolExecutor.java:628)
at java.base/java.lang.Thread.run(Thread.java:834)
]]>
    </error>
  </testcase> <!-- createQuizWithNNumberOfQuestions -->
  <system-out/>
  <testcase classname="acj160_QuizTotalQuestions.ACJ160_QuizTotalQuestions" name="createQuizWithNNumberOfQuestions" time="11.823"/>
  <system-out/>
</testsuite> <!-- acj160_QuizTotalQuestions.ACJ160_QuizTotalQuestions -->
